[debug] [2022-08-31T05:26:56.255Z] ----------------------------------------------------------------------
[debug] [2022-08-31T05:26:56.257Z] Command:       C:\Program Files\nodejs\node.exe C:\Users\gabri\AppData\Roaming\npm\node_modules\firebase-tools\lib\bin\firebase.js init
[debug] [2022-08-31T05:26:56.257Z] CLI Version:   11.8.0
[debug] [2022-08-31T05:26:56.258Z] Platform:      win32
[debug] [2022-08-31T05:26:56.258Z] Node Version:  v16.15.1
[debug] [2022-08-31T05:26:56.259Z] Time:          Wed Aug 31 2022 01:26:56 GMT-0400 (Eastern Daylight Time)
[debug] [2022-08-31T05:26:56.259Z] ----------------------------------------------------------------------
[debug] 
[debug] [2022-08-31T05:26:56.319Z] > command requires scopes: ["email","openid","https://www.googleapis.com/auth/cloudplatformprojects.readonly","https://www.googleapis.com/auth/firebase","https://www.googleapis.com/auth/cloud-platform"]
[debug] [2022-08-31T05:26:56.319Z] > authorizing via signed-in user (gabestarkov@gmail.com)
[info] 
     ######## #### ########  ######## ########     ###     ######  ########
     ##        ##  ##     ## ##       ##     ##  ##   ##  ##       ##
     ######    ##  ########  ######   ########  #########  ######  ######
     ##        ##  ##    ##  ##       ##     ## ##     ##       ## ##
     ##       #### ##     ## ######## ########  ##     ##  ######  ########

You're about to initialize a Firebase project in this directory:

  C:\Users\gabri\OneDrive\Desktop\websites\twitter-clone\my-app

Before we get started, keep in mind:

  * You are initializing within an existing Firebase project directory

[info] 
=== Project Setup
[info] 
[info] First, let's associate this project directory with a Firebase project.
[info] You can create multiple project aliases by running firebase use --add, 
[info] but for now we'll just set up a default project.
[info] 
[debug] [2022-08-31T05:27:09.027Z] Using project from CLI flag: twitter-clone-32d31
[debug] [2022-08-31T05:27:09.029Z] >>> [apiv2][query] GET https://firebase.googleapis.com/v1beta1/projects/twitter-clone-32d31 [none]
[debug] [2022-08-31T05:27:09.270Z] <<< [apiv2][status] GET https://firebase.googleapis.com/v1beta1/projects/twitter-clone-32d31 200
[debug] [2022-08-31T05:27:09.270Z] <<< [apiv2][body] GET https://firebase.googleapis.com/v1beta1/projects/twitter-clone-32d31 {"projectId":"twitter-clone-32d31","projectNumber":"803638250991","displayName":"twitter clone","name":"projects/twitter-clone-32d31","resources":{"hostingSite":"twitter-clone-32d31","storageBucket":"twitter-clone-32d31.appspot.com","locationId":"us-central"},"state":"ACTIVE","etag":"1_151f8ef5-6e6f-4556-89f1-aba4e6efd047"}
[info] i  Using project twitter-clone-32d31 (twitter clone) 
[info] 
=== Hosting Setup
[info] 
[info] Your public directory is the folder (relative to your project directory) that
[info] will contain Hosting assets to be uploaded with firebase deploy. If you
[info] have a build process for your assets, use your build's output directory.
[info] 
[debug] [2022-08-31T05:27:17.062Z] Error: kill ENOSYS
    at process.kill (node:internal/process/per_thread:220:13)
    at process.listener (C:\Users\gabri\AppData\Roaming\npm\node_modules\firebase-tools\node_modules\signal-exit\index.js:95:15)
    at process.emit (node:events:527:28)
[error] 
[error] Error: An unexpected error has occurred.
